This file contains any messages produced by compilers while
running configure, to aid debugging if configure makes a mistake.

It was created by ethercat configure 1.5.2, which was
generated by GNU Autoconf 2.69.  Invocation command line was

  $ ./configure --enable-cycles --enable-hrtimer --enable-8139too=no --enable-wildcards=yes --build=arm-linux build_alias=arm-linux --no-create --no-recursion

## --------- ##
## Platform. ##
## --------- ##

hostname = centos7
uname -m = aarch64
uname -r = 4.14.0-115.el7a.0.1.aarch64
uname -s = Linux
uname -v = #1 SMP Sun Nov 25 20:54:21 UTC 2018

/usr/bin/uname -p = aarch64
/bin/uname -X     = unknown

/bin/arch              = aarch64
/usr/bin/arch -k       = unknown
/usr/convex/getsysinfo = unknown
/usr/bin/hostinfo      = unknown
/bin/machine           = unknown
/usr/bin/oslevel       = unknown
/bin/universe          = unknown

PATH: /usr/local/sbin
PATH: /usr/local/bin
PATH: /usr/sbin
PATH: /usr/bin
PATH: /root/bin


## ----------- ##
## Core tests. ##
## ----------- ##

configure:2408: checking for a BSD-compatible install
configure:2476: result: /usr/bin/install -c
configure:2487: checking whether build environment is sane
configure:2537: result: yes
configure:2678: checking for a thread-safe mkdir -p
configure:2717: result: /usr/bin/mkdir -p
configure:2730: checking for gawk
configure:2746: found /usr/bin/gawk
configure:2757: result: gawk
configure:2768: checking whether make sets $(MAKE)
configure:2790: result: yes
configure:2892: checking for style of include used by make
configure:2920: result: GNU
configure:2990: checking for gcc
configure:3006: found /usr/bin/gcc
configure:3017: result: gcc
configure:3246: checking for C compiler version
configure:3255: gcc --version >&5
gcc (GCC) 4.8.5 20150623 (Red Hat 4.8.5-44)
Copyright (C) 2015 Free Software Foundation, Inc.
This is free software; see the source for copying conditions.  There is NO
warranty; not even for MERCHANTABILITY or FITNESS FOR A PARTICULAR PURPOSE.

configure:3266: $? = 0
configure:3255: gcc -v >&5
Using built-in specs.
COLLECT_GCC=gcc
COLLECT_LTO_WRAPPER=/usr/libexec/gcc/aarch64-redhat-linux/4.8.5/lto-wrapper
Target: aarch64-redhat-linux
Configured with: ../configure --prefix=/usr --mandir=/usr/share/man --infodir=/usr/share/info --with-bugurl=http://bugzilla.redhat.com/bugzilla --enable-bootstrap --enable-shared --enable-threads=posix --enable-checking=release --with-system-zlib --enable-__cxa_atexit --disable-libunwind-exceptions --enable-gnu-unique-object --enable-linker-build-id --with-linker-hash-style=gnu --enable-languages=c,c++,objc,obj-c++,java,fortran,ada,lto --enable-plugin --enable-initfini-array --disable-libgcj --with-isl=/builddir/build/BUILD/gcc-4.8.5-20150702/obj-aarch64-redhat-linux/isl-install --with-cloog=/builddir/build/BUILD/gcc-4.8.5-20150702/obj-aarch64-redhat-linux/cloog-install --enable-gnu-indirect-function --build=aarch64-redhat-linux
Thread model: posix
gcc version 4.8.5 20150623 (Red Hat 4.8.5-44) (GCC) 
configure:3266: $? = 0
configure:3255: gcc -V >&5
gcc: error: unrecognized command line option '-V'
gcc: fatal error: no input files
compilation terminated.
configure:3266: $? = 4
configure:3255: gcc -qversion >&5
gcc: error: unrecognized command line option '-qversion'
gcc: fatal error: no input files
compilation terminated.
configure:3266: $? = 4
configure:3286: checking whether the C compiler works
configure:3308: gcc    conftest.c  >&5
configure:3312: $? = 0
configure:3360: result: yes
configure:3363: checking for C compiler default output file name
configure:3365: result: a.out
configure:3371: checking for suffix of executables
configure:3378: gcc -o conftest    conftest.c  >&5
configure:3382: $? = 0
configure:3404: result: 
configure:3426: checking whether we are cross compiling
configure:3434: gcc -o conftest    conftest.c  >&5
configure:3438: $? = 0
configure:3445: ./conftest
configure:3449: $? = 0
configure:3464: result: no
configure:3469: checking for suffix of object files
configure:3491: gcc -c   conftest.c >&5
configure:3495: $? = 0
configure:3516: result: o
configure:3520: checking whether we are using the GNU C compiler
configure:3539: gcc -c   conftest.c >&5
configure:3539: $? = 0
configure:3548: result: yes
configure:3557: checking whether gcc accepts -g
configure:3577: gcc -c -g  conftest.c >&5
configure:3577: $? = 0
configure:3618: result: yes
configure:3635: checking for gcc option to accept ISO C89
configure:3698: gcc  -c -g -O2  conftest.c >&5
configure:3698: $? = 0
configure:3711: result: none needed
configure:3733: checking dependency style of gcc
configure:3843: result: gcc3
configure:3859: checking whether gcc and cc understand -c and -o together
configure:3890: gcc -c conftest.c -o conftest2.o >&5
configure:3894: $? = 0
configure:3900: gcc -c conftest.c -o conftest2.o >&5
configure:3904: $? = 0
configure:3915: cc -c conftest.c >&5
configure:3919: $? = 0
configure:3927: cc -c conftest.c -o conftest2.o >&5
configure:3931: $? = 0
configure:3937: cc -c conftest.c -o conftest2.o >&5
configure:3941: $? = 0
configure:3959: result: yes
configure:4043: checking for g++
configure:4059: found /usr/bin/g++
configure:4070: result: g++
configure:4097: checking for C++ compiler version
configure:4106: g++ --version >&5
g++ (GCC) 4.8.5 20150623 (Red Hat 4.8.5-44)
Copyright (C) 2015 Free Software Foundation, Inc.
This is free software; see the source for copying conditions.  There is NO
warranty; not even for MERCHANTABILITY or FITNESS FOR A PARTICULAR PURPOSE.

configure:4117: $? = 0
configure:4106: g++ -v >&5
Using built-in specs.
COLLECT_GCC=g++
COLLECT_LTO_WRAPPER=/usr/libexec/gcc/aarch64-redhat-linux/4.8.5/lto-wrapper
Target: aarch64-redhat-linux
Configured with: ../configure --prefix=/usr --mandir=/usr/share/man --infodir=/usr/share/info --with-bugurl=http://bugzilla.redhat.com/bugzilla --enable-bootstrap --enable-shared --enable-threads=posix --enable-checking=release --with-system-zlib --enable-__cxa_atexit --disable-libunwind-exceptions --enable-gnu-unique-object --enable-linker-build-id --with-linker-hash-style=gnu --enable-languages=c,c++,objc,obj-c++,java,fortran,ada,lto --enable-plugin --enable-initfini-array --disable-libgcj --with-isl=/builddir/build/BUILD/gcc-4.8.5-20150702/obj-aarch64-redhat-linux/isl-install --with-cloog=/builddir/build/BUILD/gcc-4.8.5-20150702/obj-aarch64-redhat-linux/cloog-install --enable-gnu-indirect-function --build=aarch64-redhat-linux
Thread model: posix
gcc version 4.8.5 20150623 (Red Hat 4.8.5-44) (GCC) 
configure:4117: $? = 0
configure:4106: g++ -V >&5
g++: error: unrecognized command line option '-V'
g++: fatal error: no input files
compilation terminated.
configure:4117: $? = 4
configure:4106: g++ -qversion >&5
g++: error: unrecognized command line option '-qversion'
g++: fatal error: no input files
compilation terminated.
configure:4117: $? = 4
configure:4121: checking whether we are using the GNU C++ compiler
configure:4140: g++ -c   conftest.cpp >&5
configure:4140: $? = 0
configure:4149: result: yes
configure:4158: checking whether g++ accepts -g
configure:4178: g++ -c -g  conftest.cpp >&5
configure:4178: $? = 0
configure:4219: result: yes
configure:4244: checking dependency style of g++
configure:4354: result: gcc3
configure:4398: checking build system type
configure:4412: result: arm-unknown-linux-gnu
configure:4432: checking host system type
configure:4445: result: arm-unknown-linux-gnu
configure:4486: checking how to print strings
configure:4513: result: printf
configure:4534: checking for a sed that does not truncate output
configure:4598: result: /usr/bin/sed
configure:4616: checking for grep that handles long lines and -e
configure:4674: result: /usr/bin/grep
configure:4679: checking for egrep
configure:4741: result: /usr/bin/grep -E
configure:4746: checking for fgrep
configure:4808: result: /usr/bin/grep -F
configure:4843: checking for ld used by gcc
configure:4910: result: /usr/bin/ld
configure:4917: checking if the linker (/usr/bin/ld) is GNU ld
configure:4932: result: yes
configure:4944: checking for BSD- or MS-compatible name lister (nm)
configure:4993: result: /usr/bin/nm -B
configure:5123: checking the name lister (/usr/bin/nm -B) interface
configure:5130: gcc -c -g -O2  conftest.c >&5
configure:5133: /usr/bin/nm -B "conftest.o"
configure:5136: output
0000000000000000 B some_variable
configure:5143: result: BSD nm
configure:5146: checking whether ln -s works
configure:5150: result: yes
configure:5158: checking the maximum length of command line arguments
configure:5283: result: 1572864
configure:5300: checking whether the shell understands some XSI constructs
configure:5310: result: yes
configure:5314: checking whether the shell understands "+="
configure:5320: result: yes
configure:5355: checking how to convert arm-unknown-linux-gnu file names to arm-unknown-linux-gnu format
configure:5395: result: func_convert_file_noop
configure:5402: checking how to convert arm-unknown-linux-gnu file names to toolchain format
configure:5422: result: func_convert_file_noop
configure:5429: checking for /usr/bin/ld option to reload object files
configure:5436: result: -r
configure:5510: checking for objdump
configure:5526: found /usr/bin/objdump
configure:5537: result: objdump
configure:5569: checking how to recognize dependent libraries
configure:5771: result: pass_all
configure:5856: checking for dlltool
configure:5886: result: no
configure:5916: checking how to associate runtime and link libraries
configure:5943: result: printf %s\n
configure:6004: checking for ar
configure:6020: found /usr/bin/ar
configure:6031: result: ar
configure:6068: checking for archiver @FILE support
configure:6085: gcc -c -g -O2  conftest.c >&5
configure:6085: $? = 0
configure:6088: ar cru libconftest.a @conftest.lst >&5
configure:6091: $? = 0
configure:6096: ar cru libconftest.a @conftest.lst >&5
ar: conftest.o: No such file or directory
configure:6099: $? = 1
configure:6111: result: @
configure:6169: checking for strip
configure:6185: found /usr/bin/strip
configure:6196: result: strip
configure:6268: checking for ranlib
configure:6284: found /usr/bin/ranlib
configure:6295: result: ranlib
configure:6397: checking command to parse /usr/bin/nm -B output from gcc object
configure:6516: gcc -c -g -O2  conftest.c >&5
configure:6519: $? = 0
configure:6523: /usr/bin/nm -B conftest.o \| sed -n -e 's/^.*[ ]\([ABCDGIRSTW][ABCDGIRSTW]*\)[ ][ ]*\([_A-Za-z][_A-Za-z0-9]*\)$/\1 \2 \2/p' | sed '/ __gnu_lto/d' \> conftest.nm
configure:6526: $? = 0
configure:6592: gcc -o conftest -g -O2   conftest.c conftstm.o >&5
configure:6595: $? = 0
configure:6633: result: ok
configure:6670: checking for sysroot
configure:6700: result: no
configure:6943: checking for mt
configure:6973: result: no
configure:6993: checking if : is a manifest tool
configure:6999: : '-?'
configure:7007: result: no
configure:7639: checking how to run the C preprocessor
configure:7670: gcc -E  conftest.c
configure:7670: $? = 0
configure:7684: gcc -E  conftest.c
conftest.c:11:28: fatal error: ac_nonexistent.h: No such file or directory
 #include <ac_nonexistent.h>
                            ^
compilation terminated.
configure:7684: $? = 1
configure: failed program was:
| /* confdefs.h */
| #define PACKAGE_NAME "ethercat"
| #define PACKAGE_TARNAME "ethercat"
| #define PACKAGE_VERSION "1.5.2"
| #define PACKAGE_STRING "ethercat 1.5.2"
| #define PACKAGE_BUGREPORT "fp@igh-essen.com"
| #define PACKAGE_URL ""
| #define PACKAGE "ethercat"
| #define VERSION "1.5.2"
| /* end confdefs.h.  */
| #include <ac_nonexistent.h>
configure:7709: result: gcc -E
configure:7729: gcc -E  conftest.c
configure:7729: $? = 0
configure:7743: gcc -E  conftest.c
conftest.c:11:28: fatal error: ac_nonexistent.h: No such file or directory
 #include <ac_nonexistent.h>
                            ^
compilation terminated.
configure:7743: $? = 1
configure: failed program was:
| /* confdefs.h */
| #define PACKAGE_NAME "ethercat"
| #define PACKAGE_TARNAME "ethercat"
| #define PACKAGE_VERSION "1.5.2"
| #define PACKAGE_STRING "ethercat 1.5.2"
| #define PACKAGE_BUGREPORT "fp@igh-essen.com"
| #define PACKAGE_URL ""
| #define PACKAGE "ethercat"
| #define VERSION "1.5.2"
| /* end confdefs.h.  */
| #include <ac_nonexistent.h>
configure:7772: checking for ANSI C header files
configure:7792: gcc -c -g -O2  conftest.c >&5
configure:7792: $? = 0
configure:7865: gcc -o conftest -g -O2   conftest.c  >&5
configure:7865: $? = 0
configure:7865: ./conftest
configure:7865: $? = 0
configure:7876: result: yes
configure:7889: checking for sys/types.h
configure:7889: gcc -c -g -O2  conftest.c >&5
configure:7889: $? = 0
configure:7889: result: yes
configure:7889: checking for sys/stat.h
configure:7889: gcc -c -g -O2  conftest.c >&5
configure:7889: $? = 0
configure:7889: result: yes
configure:7889: checking for stdlib.h
configure:7889: gcc -c -g -O2  conftest.c >&5
configure:7889: $? = 0
configure:7889: result: yes
configure:7889: checking for string.h
configure:7889: gcc -c -g -O2  conftest.c >&5
configure:7889: $? = 0
configure:7889: result: yes
configure:7889: checking for memory.h
configure:7889: gcc -c -g -O2  conftest.c >&5
configure:7889: $? = 0
configure:7889: result: yes
configure:7889: checking for strings.h
configure:7889: gcc -c -g -O2  conftest.c >&5
configure:7889: $? = 0
configure:7889: result: yes
configure:7889: checking for inttypes.h
configure:7889: gcc -c -g -O2  conftest.c >&5
configure:7889: $? = 0
configure:7889: result: yes
configure:7889: checking for stdint.h
configure:7889: gcc -c -g -O2  conftest.c >&5
configure:7889: $? = 0
configure:7889: result: yes
configure:7889: checking for unistd.h
configure:7889: gcc -c -g -O2  conftest.c >&5
configure:7889: $? = 0
configure:7889: result: yes
configure:7903: checking for dlfcn.h
configure:7903: gcc -c -g -O2  conftest.c >&5
configure:7903: $? = 0
configure:7903: result: yes
configure:8101: checking for objdir
configure:8116: result: .libs
configure:8387: checking if gcc supports -fno-rtti -fno-exceptions
configure:8405: gcc -c -g -O2  -fno-rtti -fno-exceptions conftest.c >&5
cc1: warning: command line option '-fno-rtti' is valid for C++/ObjC++ but not for C [enabled by default]
configure:8409: $? = 0
configure:8422: result: no
configure:8732: checking for gcc option to produce PIC
configure:8739: result: -fPIC -DPIC
configure:8747: checking if gcc PIC flag -fPIC -DPIC works
configure:8765: gcc -c -g -O2  -fPIC -DPIC -DPIC conftest.c >&5
configure:8769: $? = 0
configure:8782: result: yes
configure:8811: checking if gcc static flag -static works
configure:8839: result: yes
configure:8854: checking if gcc supports -c -o file.o
configure:8875: gcc -c -g -O2  -o out/conftest2.o conftest.c >&5
configure:8879: $? = 0
configure:8901: result: yes
configure:8909: checking if gcc supports -c -o file.o
configure:8956: result: yes
configure:8989: checking whether the gcc linker (/usr/bin/ld) supports shared libraries
configure:10147: result: yes
configure:10184: checking whether -lc should be explicitly linked in
configure:10192: gcc -c -g -O2  conftest.c >&5
configure:10195: $? = 0
configure:10210: gcc -shared  -fPIC -DPIC conftest.o  -v -Wl,-soname -Wl,conftest -o conftest 2\>\&1 \| /usr/bin/grep  -lc  \>/dev/null 2\>\&1
configure:10213: $? = 0
configure:10227: result: no
configure:10392: checking dynamic linker characteristics
configure:10906: gcc -o conftest -g -O2   -Wl,-rpath -Wl,/foo conftest.c  >&5
configure:10906: $? = 0
configure:11128: result: GNU/Linux ld.so
configure:11235: checking how to hardcode library paths into programs
configure:11260: result: immediate
configure:11800: checking whether stripping libraries is possible
configure:11805: result: yes
configure:11840: checking if libtool supports shared libraries
configure:11842: result: yes
configure:11845: checking whether to build shared libraries
configure:11866: result: yes
configure:11869: checking whether to build static libraries
configure:11873: result: yes
configure:11896: checking how to run the C++ preprocessor
configure:11923: g++ -E  conftest.cpp
configure:11923: $? = 0
configure:11937: g++ -E  conftest.cpp
conftest.cpp:23:28: fatal error: ac_nonexistent.h: No such file or directory
 #include <ac_nonexistent.h>
                            ^
compilation terminated.
configure:11937: $? = 1
configure: failed program was:
| /* confdefs.h */
| #define PACKAGE_NAME "ethercat"
| #define PACKAGE_TARNAME "ethercat"
| #define PACKAGE_VERSION "1.5.2"
| #define PACKAGE_STRING "ethercat 1.5.2"
| #define PACKAGE_BUGREPORT "fp@igh-essen.com"
| #define PACKAGE_URL ""
| #define PACKAGE "ethercat"
| #define VERSION "1.5.2"
| #define STDC_HEADERS 1
| #define HAVE_SYS_TYPES_H 1
| #define HAVE_SYS_STAT_H 1
| #define HAVE_STDLIB_H 1
| #define HAVE_STRING_H 1
| #define HAVE_MEMORY_H 1
| #define HAVE_STRINGS_H 1
| #define HAVE_INTTYPES_H 1
| #define HAVE_STDINT_H 1
| #define HAVE_UNISTD_H 1
| #define HAVE_DLFCN_H 1
| #define LT_OBJDIR ".libs/"
| /* end confdefs.h.  */
| #include <ac_nonexistent.h>
configure:11962: result: g++ -E
configure:11982: g++ -E  conftest.cpp
configure:11982: $? = 0
configure:11996: g++ -E  conftest.cpp
conftest.cpp:23:28: fatal error: ac_nonexistent.h: No such file or directory
 #include <ac_nonexistent.h>
                            ^
compilation terminated.
configure:11996: $? = 1
configure: failed program was:
| /* confdefs.h */
| #define PACKAGE_NAME "ethercat"
| #define PACKAGE_TARNAME "ethercat"
| #define PACKAGE_VERSION "1.5.2"
| #define PACKAGE_STRING "ethercat 1.5.2"
| #define PACKAGE_BUGREPORT "fp@igh-essen.com"
| #define PACKAGE_URL ""
| #define PACKAGE "ethercat"
| #define VERSION "1.5.2"
| #define STDC_HEADERS 1
| #define HAVE_SYS_TYPES_H 1
| #define HAVE_SYS_STAT_H 1
| #define HAVE_STDLIB_H 1
| #define HAVE_STRING_H 1
| #define HAVE_MEMORY_H 1
| #define HAVE_STRINGS_H 1
| #define HAVE_INTTYPES_H 1
| #define HAVE_STDINT_H 1
| #define HAVE_UNISTD_H 1
| #define HAVE_DLFCN_H 1
| #define LT_OBJDIR ".libs/"
| /* end confdefs.h.  */
| #include <ac_nonexistent.h>
configure:12166: checking for ld used by g++
configure:12233: result: /usr/bin/ld
configure:12240: checking if the linker (/usr/bin/ld) is GNU ld
configure:12255: result: yes
configure:12310: checking whether the g++ linker (/usr/bin/ld) supports shared libraries
configure:13314: result: yes
configure:13349: g++ -c -g -O2  conftest.cpp >&5
configure:13352: $? = 0
configure:13872: checking for g++ option to produce PIC
configure:13879: result: -fPIC -DPIC
configure:13887: checking if g++ PIC flag -fPIC -DPIC works
configure:13905: g++ -c -g -O2  -fPIC -DPIC -DPIC conftest.cpp >&5
configure:13909: $? = 0
configure:13922: result: yes
configure:13945: checking if g++ static flag -static works
configure:13973: result: yes
configure:13985: checking if g++ supports -c -o file.o
configure:14006: g++ -c -g -O2  -o out/conftest2.o conftest.cpp >&5
configure:14010: $? = 0
configure:14032: result: yes
configure:14037: checking if g++ supports -c -o file.o
configure:14084: result: yes
configure:14114: checking whether the g++ linker (/usr/bin/ld) supports shared libraries
configure:14148: result: yes
configure:14291: checking dynamic linker characteristics
configure:14961: result: GNU/Linux ld.so
configure:15014: checking how to hardcode library paths into programs
configure:15039: result: immediate
configure:15123: checking for Linux kernel sources
configure:15160: result: /usr/src/kernels/4.14.0-115.el7a.0.1.aarch64 (Kernel 4.14)
configure:15179: checking for Linux modules installation directory
configure:15181: result: ethercat
configure:15602: checking for RTAI path
configure:15606: result: not specified.
configure:15657: checking for Xenomai path
configure:15661: result: not specified.
configure:15726: checking whether to build RTDM interface
configure:15736: result: no
configure:15755: checking whether to build the debug interface
configure:15783: result: no
configure:15802: checking whether to build the debug ring
configure:15830: result: no
configure:15838: checking whether to build with EoE support
configure:15863: result: yes
configure:15885: checking whether to use the CPU timestamp counter
configure:15910: result: yes
configure:15921: checking whether to use high-resolution timers for scheduling
configure:15946: result: yes
configure:15957: checking whether to read alias addresses from registers
configure:15985: result: no
configure:15993: checking whether to build the command-line tool
configure:16015: result: yes
configure:16035: checking whether to build the userspace library
configure:16057: result: yes
configure:16077: checking whether to build the tty driver
configure:16102: result: no
configure:16121: checking whether to allow identification wildcards
configure:16146: result: yes
configure:16171: checking for number of Ethernet devices
configure:16181: result: 1 (Redundancy disabled)
configure:16196: checking whether to assign the SII to PDI
configure:16224: result: no
configure:16422: creating ./config.status

## ---------------- ##
## Cache variables. ##
## ---------------- ##

ac_cv_build=arm-unknown-linux-gnu
ac_cv_c_compiler_gnu=yes
ac_cv_cxx_compiler_gnu=yes
ac_cv_env_CCC_set=
ac_cv_env_CCC_value=
ac_cv_env_CC_set=
ac_cv_env_CC_value=
ac_cv_env_CFLAGS_set=
ac_cv_env_CFLAGS_value=
ac_cv_env_CPPFLAGS_set=
ac_cv_env_CPPFLAGS_value=
ac_cv_env_CPP_set=
ac_cv_env_CPP_value=
ac_cv_env_CXXCPP_set=
ac_cv_env_CXXCPP_value=
ac_cv_env_CXXFLAGS_set=
ac_cv_env_CXXFLAGS_value=
ac_cv_env_CXX_set=
ac_cv_env_CXX_value=
ac_cv_env_LDFLAGS_set=
ac_cv_env_LDFLAGS_value=
ac_cv_env_LIBS_set=
ac_cv_env_LIBS_value=
ac_cv_env_build_alias_set=set
ac_cv_env_build_alias_value=arm-linux
ac_cv_env_host_alias_set=
ac_cv_env_host_alias_value=
ac_cv_env_target_alias_set=
ac_cv_env_target_alias_value=
ac_cv_header_dlfcn_h=yes
ac_cv_header_inttypes_h=yes
ac_cv_header_memory_h=yes
ac_cv_header_stdc=yes
ac_cv_header_stdint_h=yes
ac_cv_header_stdlib_h=yes
ac_cv_header_string_h=yes
ac_cv_header_strings_h=yes
ac_cv_header_sys_stat_h=yes
ac_cv_header_sys_types_h=yes
ac_cv_header_unistd_h=yes
ac_cv_host=arm-unknown-linux-gnu
ac_cv_objext=o
ac_cv_path_EGREP='/usr/bin/grep -E'
ac_cv_path_FGREP='/usr/bin/grep -F'
ac_cv_path_GREP=/usr/bin/grep
ac_cv_path_SED=/usr/bin/sed
ac_cv_path_install='/usr/bin/install -c'
ac_cv_path_mkdir=/usr/bin/mkdir
ac_cv_prog_AWK=gawk
ac_cv_prog_CPP='gcc -E'
ac_cv_prog_CXXCPP='g++ -E'
ac_cv_prog_ac_ct_AR=ar
ac_cv_prog_ac_ct_CC=gcc
ac_cv_prog_ac_ct_CXX=g++
ac_cv_prog_ac_ct_OBJDUMP=objdump
ac_cv_prog_ac_ct_RANLIB=ranlib
ac_cv_prog_ac_ct_STRIP=strip
ac_cv_prog_cc_c89=
ac_cv_prog_cc_g=yes
ac_cv_prog_cc_gcc_c_o=yes
ac_cv_prog_cxx_g=yes
ac_cv_prog_make_make_set=yes
am_cv_CC_dependencies_compiler_type=gcc3
am_cv_CXX_dependencies_compiler_type=gcc3
lt_cv_ar_at_file=@
lt_cv_archive_cmds_need_lc=no
lt_cv_deplibs_check_method=pass_all
lt_cv_file_magic_cmd='$MAGIC_CMD'
lt_cv_file_magic_test_file=
lt_cv_ld_reload_flag=-r
lt_cv_nm_interface='BSD nm'
lt_cv_objdir=.libs
lt_cv_path_LD=/usr/bin/ld
lt_cv_path_LDCXX=/usr/bin/ld
lt_cv_path_NM='/usr/bin/nm -B'
lt_cv_path_mainfest_tool=no
lt_cv_prog_compiler_c_o=yes
lt_cv_prog_compiler_c_o_CXX=yes
lt_cv_prog_compiler_pic='-fPIC -DPIC'
lt_cv_prog_compiler_pic_CXX='-fPIC -DPIC'
lt_cv_prog_compiler_pic_works=yes
lt_cv_prog_compiler_pic_works_CXX=yes
lt_cv_prog_compiler_rtti_exceptions=no
lt_cv_prog_compiler_static_works=yes
lt_cv_prog_compiler_static_works_CXX=yes
lt_cv_prog_gnu_ld=yes
lt_cv_prog_gnu_ldcxx=yes
lt_cv_sharedlib_from_linklib_cmd='printf %s\n'
lt_cv_shlibpath_overrides_runpath=no
lt_cv_sys_global_symbol_pipe='sed -n -e '\''s/^.*[	 ]\([ABCDGIRSTW][ABCDGIRSTW]*\)[	 ][	 ]*\([_A-Za-z][_A-Za-z0-9]*\)$/\1 \2 \2/p'\'' | sed '\''/ __gnu_lto/d'\'''
lt_cv_sys_global_symbol_to_c_name_address='sed -n -e '\''s/^: \([^ ]*\)[ ]*$/  {\"\1\", (void *) 0},/p'\'' -e '\''s/^[ABCDGIRSTW]* \([^ ]*\) \([^ ]*\)$/  {"\2", (void *) \&\2},/p'\'''
lt_cv_sys_global_symbol_to_c_name_address_lib_prefix='sed -n -e '\''s/^: \([^ ]*\)[ ]*$/  {\"\1\", (void *) 0},/p'\'' -e '\''s/^[ABCDGIRSTW]* \([^ ]*\) \(lib[^ ]*\)$/  {"\2", (void *) \&\2},/p'\'' -e '\''s/^[ABCDGIRSTW]* \([^ ]*\) \([^ ]*\)$/  {"lib\2", (void *) \&\2},/p'\'''
lt_cv_sys_global_symbol_to_cdecl='sed -n -e '\''s/^T .* \(.*\)$/extern int \1();/p'\'' -e '\''s/^[ABCDGIRSTW]* .* \(.*\)$/extern char \1;/p'\'''
lt_cv_sys_max_cmd_len=1572864
lt_cv_to_host_file_cmd=func_convert_file_noop
lt_cv_to_tool_file_cmd=func_convert_file_noop

## ----------------- ##
## Output variables. ##
## ----------------- ##

ACLOCAL='${SHELL} /root/ethercat/ethercat-1.5.2.in.centos7/autoconf/missing --run aclocal-1.11'
AMDEPBACKSLASH='\'
AMDEP_FALSE='#'
AMDEP_TRUE=''
AMTAR='${SHELL} /root/ethercat/ethercat-1.5.2.in.centos7/autoconf/missing --run tar'
AR='ar'
AUTOCONF='${SHELL} /root/ethercat/ethercat-1.5.2.in.centos7/autoconf/missing --run autoconf'
AUTOHEADER='${SHELL} /root/ethercat/ethercat-1.5.2.in.centos7/autoconf/missing --run autoheader'
AUTOMAKE='${SHELL} /root/ethercat/ethercat-1.5.2.in.centos7/autoconf/missing --run automake-1.11'
AWK='gawk'
BUILD_TOOL_FALSE='#'
BUILD_TOOL_TRUE=''
CC='gcc'
CCDEPMODE='depmode=gcc3'
CFLAGS='-g -O2'
CPP='gcc -E'
CPPFLAGS=''
CXX='g++'
CXXCPP='g++ -E'
CXXDEPMODE='depmode=gcc3'
CXXFLAGS='-g -O2'
CYGPATH_W='echo'
DEFS='-DHAVE_CONFIG_H'
DEPDIR='.deps'
DLLTOOL='false'
DSYMUTIL=''
DUMPBIN=''
E1000E_LAYOUT_3_4='0'
ECHO_C=''
ECHO_N='-n'
ECHO_T=''
EGREP='/usr/bin/grep -E'
ENABLE_8139TOO='0'
ENABLE_8139TOO_FALSE=''
ENABLE_8139TOO_TRUE='#'
ENABLE_DEBUG_IF='0'
ENABLE_DEBUG_IF_FALSE=''
ENABLE_DEBUG_IF_TRUE='#'
ENABLE_E1000='0'
ENABLE_E1000E='0'
ENABLE_E1000E_FALSE=''
ENABLE_E1000E_TRUE='#'
ENABLE_E1000_FALSE=''
ENABLE_E1000_TRUE='#'
ENABLE_E100='0'
ENABLE_E100_FALSE=''
ENABLE_E100_TRUE='#'
ENABLE_EOE='1'
ENABLE_EOE_FALSE='#'
ENABLE_EOE_TRUE=''
ENABLE_GENERIC='1'
ENABLE_GENERIC_FALSE='#'
ENABLE_GENERIC_TRUE=''
ENABLE_R8169='0'
ENABLE_R8169_FALSE=''
ENABLE_R8169_TRUE='#'
ENABLE_RTAI='0'
ENABLE_RTAI_FALSE=''
ENABLE_RTAI_TRUE='#'
ENABLE_RTDM='0'
ENABLE_RTDM_FALSE=''
ENABLE_RTDM_TRUE='#'
ENABLE_TTY='0'
ENABLE_TTY_FALSE=''
ENABLE_TTY_TRUE='#'
ENABLE_USERLIB_FALSE='#'
ENABLE_USERLIB_TRUE=''
ENABLE_XENOMAI='0'
ENABLE_XENOMAI_FALSE=''
ENABLE_XENOMAI_TRUE='#'
EXEEXT=''
FGREP='/usr/bin/grep -F'
GREP='/usr/bin/grep'
INSTALL_DATA='${INSTALL} -m 644'
INSTALL_MOD_DIR='ethercat'
INSTALL_PROGRAM='${INSTALL}'
INSTALL_SCRIPT='${INSTALL}'
INSTALL_STRIP_PROGRAM='$(install_sh) -c -s'
KERNEL_8139TOO='4.14'
KERNEL_E1000='4.14'
KERNEL_E1000E='4.14'
KERNEL_E100='4.14'
KERNEL_R8169='4.14'
LD='/usr/bin/ld'
LDFLAGS=''
LIBOBJS=''
LIBS=''
LIBTOOL='$(SHELL) $(top_builddir)/libtool'
LINUX_SOURCE_DIR='/usr/src/kernels/4.14.0-115.el7a.0.1.aarch64'
LIPO=''
LN_S='ln -s'
LTLIBOBJS=''
MAKEINFO='${SHELL} /root/ethercat/ethercat-1.5.2.in.centos7/autoconf/missing --run makeinfo'
MANIFEST_TOOL=':'
MKDIR_P='/usr/bin/mkdir -p'
NM='/usr/bin/nm -B'
NMEDIT=''
OBJDUMP='objdump'
OBJEXT='o'
OTOOL64=''
OTOOL=''
PACKAGE='ethercat'
PACKAGE_BUGREPORT='fp@igh-essen.com'
PACKAGE_NAME='ethercat'
PACKAGE_STRING='ethercat 1.5.2'
PACKAGE_TARNAME='ethercat'
PACKAGE_URL=''
PACKAGE_VERSION='1.5.2'
PATH_SEPARATOR=':'
RANLIB='ranlib'
RTAI_DIR=''
RTAI_LXRT_CFLAGS=''
RTAI_LXRT_LDFLAGS=''
SED='/usr/bin/sed'
SET_MAKE=''
SHELL='/bin/sh'
STRIP='strip'
VERSION='1.5.2'
XENOMAI_DIR=''
XENOMAI_NATIVE_CFLAGS=''
XENOMAI_NATIVE_LDFLAGS=''
XENOMAI_POSIX_CFLAGS=''
XENOMAI_POSIX_LDFLAGS=''
XENOMAI_RTDM_CFLAGS=''
XENOMAI_RTDM_LDFLAGS=''
ac_ct_AR='ar'
ac_ct_CC='gcc'
ac_ct_CXX='g++'
ac_ct_DUMPBIN=''
am__EXEEXT_FALSE=''
am__EXEEXT_TRUE='#'
am__fastdepCC_FALSE='#'
am__fastdepCC_TRUE=''
am__fastdepCXX_FALSE='#'
am__fastdepCXX_TRUE=''
am__include='include'
am__isrc=''
am__leading_dot='.'
am__quote=''
am__tar='${AMTAR} chof - "$$tardir"'
am__untar='${AMTAR} xf -'
bindir='${exec_prefix}/bin'
build='arm-unknown-linux-gnu'
build_alias='arm-linux'
build_cpu='arm'
build_os='linux-gnu'
build_vendor='unknown'
datadir='${datarootdir}'
datarootdir='${prefix}/share'
docdir='${datarootdir}/doc/${PACKAGE_TARNAME}'
dvidir='${docdir}'
exec_prefix='${prefix}'
host='arm-unknown-linux-gnu'
host_alias=''
host_cpu='arm'
host_os='linux-gnu'
host_vendor='unknown'
htmldir='${docdir}'
includedir='${prefix}/include'
infodir='${datarootdir}/info'
install_sh='${SHELL} /root/ethercat/ethercat-1.5.2.in.centos7/autoconf/install-sh'
libdir='${exec_prefix}/lib'
libexecdir='${exec_prefix}/libexec'
localedir='${datarootdir}/locale'
localstatedir='${prefix}/var'
mandir='${datarootdir}/man'
mkdir_p='/usr/bin/mkdir -p'
oldincludedir='/usr/include'
pdfdir='${docdir}'
prefix='/opt/etherlab'
program_transform_name='s,x,x,'
psdir='${docdir}'
sbindir='${exec_prefix}/sbin'
sharedstatedir='${prefix}/com'
sysconfdir='${prefix}/etc'
target_alias=''

## ----------- ##
## confdefs.h. ##
## ----------- ##

/* confdefs.h */
#define PACKAGE_NAME "ethercat"
#define PACKAGE_TARNAME "ethercat"
#define PACKAGE_VERSION "1.5.2"
#define PACKAGE_STRING "ethercat 1.5.2"
#define PACKAGE_BUGREPORT "fp@igh-essen.com"
#define PACKAGE_URL ""
#define PACKAGE "ethercat"
#define VERSION "1.5.2"
#define STDC_HEADERS 1
#define HAVE_SYS_TYPES_H 1
#define HAVE_SYS_STAT_H 1
#define HAVE_STDLIB_H 1
#define HAVE_STRING_H 1
#define HAVE_MEMORY_H 1
#define HAVE_STRINGS_H 1
#define HAVE_INTTYPES_H 1
#define HAVE_STDINT_H 1
#define HAVE_UNISTD_H 1
#define HAVE_DLFCN_H 1
#define LT_OBJDIR ".libs/"
#define EC_EOE 1
#define EC_HAVE_CYCLES 1
#define EC_USE_HRTIMER 1
#define EC_IDENT_WILDCARDS 1
#define EC_MAX_NUM_DEVICES 1

configure: exit 0

## ---------------------- ##
## Running config.status. ##
## ---------------------- ##

This file was extended by ethercat config.status 1.5.2, which was
generated by GNU Autoconf 2.69.  Invocation command line was

  CONFIG_FILES    = 
  CONFIG_HEADERS  = 
  CONFIG_LINKS    = 
  CONFIG_COMMANDS = 
  $ ./config.status 

on centos7

config.status:1241: creating Doxyfile
config.status:1241: creating Kbuild
config.status:1241: creating Makefile
config.status:1241: creating devices/Kbuild
config.status:1241: creating devices/Makefile
config.status:1241: creating devices/e1000/Kbuild
config.status:1241: creating devices/e1000/Makefile
config.status:1241: creating devices/e1000e/Kbuild
config.status:1241: creating devices/e1000e/Makefile
config.status:1241: creating ethercat.spec
config.status:1241: creating examples/Kbuild
config.status:1241: creating examples/Makefile
config.status:1241: creating examples/dc_rtai/Kbuild
config.status:1241: creating examples/dc_rtai/Makefile
config.status:1241: creating examples/dc_user/Makefile
config.status:1241: creating examples/mini/Kbuild
config.status:1241: creating examples/mini/Makefile
config.status:1241: creating examples/rtai/Kbuild
config.status:1241: creating examples/rtai/Makefile
config.status:1241: creating examples/rtai_rtdm/Makefile
config.status:1241: creating examples/rtai_rtdm_dc/Makefile
config.status:1241: creating examples/tty/Kbuild
config.status:1241: creating examples/tty/Makefile
config.status:1241: creating examples/user/Makefile
config.status:1241: creating examples/xenomai/Makefile
config.status:1241: creating examples/xenomai_posix/Makefile
config.status:1241: creating include/Makefile
config.status:1241: creating lib/Makefile
config.status:1241: creating m4/Makefile
config.status:1241: creating master/Kbuild
config.status:1241: creating master/Makefile
config.status:1241: creating script/Makefile
config.status:1241: creating script/ethercat.service
config.status:1241: creating script/ethercatctl
config.status:1241: creating script/init.d/Makefile
config.status:1241: creating script/init.d/ethercat
config.status:1241: creating script/sysconfig/Makefile
config.status:1241: creating tool/Makefile
config.status:1241: creating tty/Kbuild
config.status:1241: creating tty/Makefile
config.status:1241: creating config.h
config.status:1422: config.h is unchanged
config.status:1470: executing depfiles commands
config.status:1470: executing libtool commands
